install: uninstalling component 'rustc'
install: removing file /home/oligami_dev/rust_with_lld/dist/bin/rust-gdb
$ rm -f /home/oligami_dev/rust_with_lld/dist/bin/rust-gdb
install: removing file /home/oligami_dev/rust_with_lld/dist/bin/rust-gdbgui
$ rm -f /home/oligami_dev/rust_with_lld/dist/bin/rust-gdbgui
install: removing file /home/oligami_dev/rust_with_lld/dist/bin/rust-lldb
$ rm -f /home/oligami_dev/rust_with_lld/dist/bin/rust-lldb
install: removing file /home/oligami_dev/rust_with_lld/dist/bin/rustc.wasm
$ rm -f /home/oligami_dev/rust_with_lld/dist/bin/rustc.wasm
install: removing file /home/oligami_dev/rust_with_lld/dist/lib/rustlib/etc/gdb_load_rust_pretty_printers.py
$ rm -f /home/oligami_dev/rust_with_lld/dist/lib/rustlib/etc/gdb_load_rust_pretty_printers.py
install: removing file /home/oligami_dev/rust_with_lld/dist/lib/rustlib/etc/gdb_lookup.py
$ rm -f /home/oligami_dev/rust_with_lld/dist/lib/rustlib/etc/gdb_lookup.py
install: removing file /home/oligami_dev/rust_with_lld/dist/lib/rustlib/etc/gdb_providers.py
$ rm -f /home/oligami_dev/rust_with_lld/dist/lib/rustlib/etc/gdb_providers.py
install: removing file /home/oligami_dev/rust_with_lld/dist/lib/rustlib/etc/lldb_commands
$ rm -f /home/oligami_dev/rust_with_lld/dist/lib/rustlib/etc/lldb_commands
install: removing file /home/oligami_dev/rust_with_lld/dist/lib/rustlib/etc/lldb_lookup.py
$ rm -f /home/oligami_dev/rust_with_lld/dist/lib/rustlib/etc/lldb_lookup.py
install: removing file /home/oligami_dev/rust_with_lld/dist/lib/rustlib/etc/lldb_providers.py
$ rm -f /home/oligami_dev/rust_with_lld/dist/lib/rustlib/etc/lldb_providers.py
install: removing file /home/oligami_dev/rust_with_lld/dist/lib/rustlib/etc/rust_types.py
$ rm -f /home/oligami_dev/rust_with_lld/dist/lib/rustlib/etc/rust_types.py
install: removing file /home/oligami_dev/rust_with_lld/dist/share/doc/rustc/COPYRIGHT
$ rm -f /home/oligami_dev/rust_with_lld/dist/share/doc/rustc/COPYRIGHT
install: removing file /home/oligami_dev/rust_with_lld/dist/share/doc/rustc/LICENSE-APACHE
$ rm -f /home/oligami_dev/rust_with_lld/dist/share/doc/rustc/LICENSE-APACHE
install: removing file /home/oligami_dev/rust_with_lld/dist/share/doc/rustc/LICENSE-MIT
$ rm -f /home/oligami_dev/rust_with_lld/dist/share/doc/rustc/LICENSE-MIT
install: removing file /home/oligami_dev/rust_with_lld/dist/share/doc/rustc/README.md
$ rm -f /home/oligami_dev/rust_with_lld/dist/share/doc/rustc/README.md
install: removing file /home/oligami_dev/rust_with_lld/dist/share/man/man1/rustc.1
$ rm -f /home/oligami_dev/rust_with_lld/dist/share/man/man1/rustc.1
install: removing file /home/oligami_dev/rust_with_lld/dist/share/man/man1/rustdoc.1
$ rm -f /home/oligami_dev/rust_with_lld/dist/share/man/man1/rustdoc.1
install: removing component manifest /home/oligami_dev/rust_with_lld/dist/lib/rustlib/manifest-rustc
$ rm /home/oligami_dev/rust_with_lld/dist/lib/rustlib/manifest-rustc
$ echo "rust-std-wasm32-unknown-unknown
rust-std-wasm32-wasip1
rust-std-wasm32-wasip2
rust-std-wasm32-wasip1-threads
rust-std-wasm32v1-none
rust-std-x86_64-unknown-linux-gnu" > "/home/oligami_dev/rust_with_lld/dist/lib/rustlib/components"
$ umask 022 && mkdir -p "/home/oligami_dev/rust_with_lld/dist/lib/rustlib"
$ echo "3" > "/home/oligami_dev/rust_with_lld/dist/lib/rustlib/rust-installer-version"
install: creating uninstall script at /home/oligami_dev/rust_with_lld/dist/lib/rustlib/uninstall.sh
$ cp /home/oligami_dev/rust_with_lld/build/tmp/tarball/rustc/wasm32-wasip1-threads/rustc-1.84.0-dev-wasm32-wasip1-threads/install.sh /home/oligami_dev/rust_with_lld/dist/lib/rustlib/uninstall.sh
install: installing component 'rustc'
$ echo "rustc" >> "/home/oligami_dev/rust_with_lld/dist/lib/rustlib/components"
$ umask 022 && mkdir -p "/home/oligami_dev/rust_with_lld/dist/bin"
install: copying file /home/oligami_dev/rust_with_lld/dist/bin/rust-gdb
$ cp /home/oligami_dev/rust_with_lld/build/tmp/tarball/rustc/wasm32-wasip1-threads/rustc-1.84.0-dev-wasm32-wasip1-threads/rustc/bin/rust-gdb /home/oligami_dev/rust_with_lld/dist/bin/rust-gdb
$ chmod 755 /home/oligami_dev/rust_with_lld/dist/bin/rust-gdb
$ echo "file:/home/oligami_dev/rust_with_lld/dist/bin/rust-gdb" >> "/home/oligami_dev/rust_with_lld/dist/lib/rustlib/manifest-rustc"
$ umask 022 && mkdir -p "/home/oligami_dev/rust_with_lld/dist/bin"
install: copying file /home/oligami_dev/rust_with_lld/dist/bin/rust-gdbgui
$ cp /home/oligami_dev/rust_with_lld/build/tmp/tarball/rustc/wasm32-wasip1-threads/rustc-1.84.0-dev-wasm32-wasip1-threads/rustc/bin/rust-gdbgui /home/oligami_dev/rust_with_lld/dist/bin/rust-gdbgui
$ chmod 755 /home/oligami_dev/rust_with_lld/dist/bin/rust-gdbgui
$ echo "file:/home/oligami_dev/rust_with_lld/dist/bin/rust-gdbgui" >> "/home/oligami_dev/rust_with_lld/dist/lib/rustlib/manifest-rustc"
$ umask 022 && mkdir -p "/home/oligami_dev/rust_with_lld/dist/bin"
install: copying file /home/oligami_dev/rust_with_lld/dist/bin/rust-lldb
$ cp /home/oligami_dev/rust_with_lld/build/tmp/tarball/rustc/wasm32-wasip1-threads/rustc-1.84.0-dev-wasm32-wasip1-threads/rustc/bin/rust-lldb /home/oligami_dev/rust_with_lld/dist/bin/rust-lldb
$ chmod 755 /home/oligami_dev/rust_with_lld/dist/bin/rust-lldb
$ echo "file:/home/oligami_dev/rust_with_lld/dist/bin/rust-lldb" >> "/home/oligami_dev/rust_with_lld/dist/lib/rustlib/manifest-rustc"
$ umask 022 && mkdir -p "/home/oligami_dev/rust_with_lld/dist/bin"
install: copying file /home/oligami_dev/rust_with_lld/dist/bin/rustc.wasm
$ cp /home/oligami_dev/rust_with_lld/build/tmp/tarball/rustc/wasm32-wasip1-threads/rustc-1.84.0-dev-wasm32-wasip1-threads/rustc/bin/rustc.wasm /home/oligami_dev/rust_with_lld/dist/bin/rustc.wasm
$ chmod 755 /home/oligami_dev/rust_with_lld/dist/bin/rustc.wasm
$ echo "file:/home/oligami_dev/rust_with_lld/dist/bin/rustc.wasm" >> "/home/oligami_dev/rust_with_lld/dist/lib/rustlib/manifest-rustc"
$ umask 022 && mkdir -p "/home/oligami_dev/rust_with_lld/dist/lib/rustlib/etc"
install: copying file /home/oligami_dev/rust_with_lld/dist/lib/rustlib/etc/gdb_load_rust_pretty_printers.py
$ cp /home/oligami_dev/rust_with_lld/build/tmp/tarball/rustc/wasm32-wasip1-threads/rustc-1.84.0-dev-wasm32-wasip1-threads/rustc/lib/rustlib/etc/gdb_load_rust_pretty_printers.py /home/oligami_dev/rust_with_lld/dist/lib/rustlib/etc/gdb_load_rust_pretty_printers.py
$ chmod 644 /home/oligami_dev/rust_with_lld/dist/lib/rustlib/etc/gdb_load_rust_pretty_printers.py
$ echo "file:/home/oligami_dev/rust_with_lld/dist/lib/rustlib/etc/gdb_load_rust_pretty_printers.py" >> "/home/oligami_dev/rust_with_lld/dist/lib/rustlib/manifest-rustc"
$ umask 022 && mkdir -p "/home/oligami_dev/rust_with_lld/dist/lib/rustlib/etc"
install: copying file /home/oligami_dev/rust_with_lld/dist/lib/rustlib/etc/gdb_lookup.py
$ cp /home/oligami_dev/rust_with_lld/build/tmp/tarball/rustc/wasm32-wasip1-threads/rustc-1.84.0-dev-wasm32-wasip1-threads/rustc/lib/rustlib/etc/gdb_lookup.py /home/oligami_dev/rust_with_lld/dist/lib/rustlib/etc/gdb_lookup.py
$ chmod 644 /home/oligami_dev/rust_with_lld/dist/lib/rustlib/etc/gdb_lookup.py
$ echo "file:/home/oligami_dev/rust_with_lld/dist/lib/rustlib/etc/gdb_lookup.py" >> "/home/oligami_dev/rust_with_lld/dist/lib/rustlib/manifest-rustc"
$ umask 022 && mkdir -p "/home/oligami_dev/rust_with_lld/dist/lib/rustlib/etc"
install: copying file /home/oligami_dev/rust_with_lld/dist/lib/rustlib/etc/gdb_providers.py
$ cp /home/oligami_dev/rust_with_lld/build/tmp/tarball/rustc/wasm32-wasip1-threads/rustc-1.84.0-dev-wasm32-wasip1-threads/rustc/lib/rustlib/etc/gdb_providers.py /home/oligami_dev/rust_with_lld/dist/lib/rustlib/etc/gdb_providers.py
$ chmod 644 /home/oligami_dev/rust_with_lld/dist/lib/rustlib/etc/gdb_providers.py
$ echo "file:/home/oligami_dev/rust_with_lld/dist/lib/rustlib/etc/gdb_providers.py" >> "/home/oligami_dev/rust_with_lld/dist/lib/rustlib/manifest-rustc"
$ umask 022 && mkdir -p "/home/oligami_dev/rust_with_lld/dist/lib/rustlib/etc"
install: copying file /home/oligami_dev/rust_with_lld/dist/lib/rustlib/etc/lldb_commands
$ cp /home/oligami_dev/rust_with_lld/build/tmp/tarball/rustc/wasm32-wasip1-threads/rustc-1.84.0-dev-wasm32-wasip1-threads/rustc/lib/rustlib/etc/lldb_commands /home/oligami_dev/rust_with_lld/dist/lib/rustlib/etc/lldb_commands
$ chmod 644 /home/oligami_dev/rust_with_lld/dist/lib/rustlib/etc/lldb_commands
$ echo "file:/home/oligami_dev/rust_with_lld/dist/lib/rustlib/etc/lldb_commands" >> "/home/oligami_dev/rust_with_lld/dist/lib/rustlib/manifest-rustc"
$ umask 022 && mkdir -p "/home/oligami_dev/rust_with_lld/dist/lib/rustlib/etc"
install: copying file /home/oligami_dev/rust_with_lld/dist/lib/rustlib/etc/lldb_lookup.py
$ cp /home/oligami_dev/rust_with_lld/build/tmp/tarball/rustc/wasm32-wasip1-threads/rustc-1.84.0-dev-wasm32-wasip1-threads/rustc/lib/rustlib/etc/lldb_lookup.py /home/oligami_dev/rust_with_lld/dist/lib/rustlib/etc/lldb_lookup.py
$ chmod 644 /home/oligami_dev/rust_with_lld/dist/lib/rustlib/etc/lldb_lookup.py
$ echo "file:/home/oligami_dev/rust_with_lld/dist/lib/rustlib/etc/lldb_lookup.py" >> "/home/oligami_dev/rust_with_lld/dist/lib/rustlib/manifest-rustc"
$ umask 022 && mkdir -p "/home/oligami_dev/rust_with_lld/dist/lib/rustlib/etc"
install: copying file /home/oligami_dev/rust_with_lld/dist/lib/rustlib/etc/lldb_providers.py
$ cp /home/oligami_dev/rust_with_lld/build/tmp/tarball/rustc/wasm32-wasip1-threads/rustc-1.84.0-dev-wasm32-wasip1-threads/rustc/lib/rustlib/etc/lldb_providers.py /home/oligami_dev/rust_with_lld/dist/lib/rustlib/etc/lldb_providers.py
$ chmod 644 /home/oligami_dev/rust_with_lld/dist/lib/rustlib/etc/lldb_providers.py
$ echo "file:/home/oligami_dev/rust_with_lld/dist/lib/rustlib/etc/lldb_providers.py" >> "/home/oligami_dev/rust_with_lld/dist/lib/rustlib/manifest-rustc"
$ umask 022 && mkdir -p "/home/oligami_dev/rust_with_lld/dist/lib/rustlib/etc"
install: copying file /home/oligami_dev/rust_with_lld/dist/lib/rustlib/etc/rust_types.py
$ cp /home/oligami_dev/rust_with_lld/build/tmp/tarball/rustc/wasm32-wasip1-threads/rustc-1.84.0-dev-wasm32-wasip1-threads/rustc/lib/rustlib/etc/rust_types.py /home/oligami_dev/rust_with_lld/dist/lib/rustlib/etc/rust_types.py
$ chmod 644 /home/oligami_dev/rust_with_lld/dist/lib/rustlib/etc/rust_types.py
$ echo "file:/home/oligami_dev/rust_with_lld/dist/lib/rustlib/etc/rust_types.py" >> "/home/oligami_dev/rust_with_lld/dist/lib/rustlib/manifest-rustc"
$ umask 022 && mkdir -p "/home/oligami_dev/rust_with_lld/dist/share/doc/rustc"
install: copying file /home/oligami_dev/rust_with_lld/dist/share/doc/rustc/COPYRIGHT
$ cp /home/oligami_dev/rust_with_lld/build/tmp/tarball/rustc/wasm32-wasip1-threads/rustc-1.84.0-dev-wasm32-wasip1-threads/rustc/share/doc/rust/COPYRIGHT /home/oligami_dev/rust_with_lld/dist/share/doc/rustc/COPYRIGHT
$ chmod 644 /home/oligami_dev/rust_with_lld/dist/share/doc/rustc/COPYRIGHT
$ echo "file:/home/oligami_dev/rust_with_lld/dist/share/doc/rustc/COPYRIGHT" >> "/home/oligami_dev/rust_with_lld/dist/lib/rustlib/manifest-rustc"
$ umask 022 && mkdir -p "/home/oligami_dev/rust_with_lld/dist/share/doc/rustc"
install: copying file /home/oligami_dev/rust_with_lld/dist/share/doc/rustc/LICENSE-APACHE
$ cp /home/oligami_dev/rust_with_lld/build/tmp/tarball/rustc/wasm32-wasip1-threads/rustc-1.84.0-dev-wasm32-wasip1-threads/rustc/share/doc/rust/LICENSE-APACHE /home/oligami_dev/rust_with_lld/dist/share/doc/rustc/LICENSE-APACHE
$ chmod 644 /home/oligami_dev/rust_with_lld/dist/share/doc/rustc/LICENSE-APACHE
$ echo "file:/home/oligami_dev/rust_with_lld/dist/share/doc/rustc/LICENSE-APACHE" >> "/home/oligami_dev/rust_with_lld/dist/lib/rustlib/manifest-rustc"
$ umask 022 && mkdir -p "/home/oligami_dev/rust_with_lld/dist/share/doc/rustc"
install: copying file /home/oligami_dev/rust_with_lld/dist/share/doc/rustc/LICENSE-MIT
$ cp /home/oligami_dev/rust_with_lld/build/tmp/tarball/rustc/wasm32-wasip1-threads/rustc-1.84.0-dev-wasm32-wasip1-threads/rustc/share/doc/rust/LICENSE-MIT /home/oligami_dev/rust_with_lld/dist/share/doc/rustc/LICENSE-MIT
$ chmod 644 /home/oligami_dev/rust_with_lld/dist/share/doc/rustc/LICENSE-MIT
$ echo "file:/home/oligami_dev/rust_with_lld/dist/share/doc/rustc/LICENSE-MIT" >> "/home/oligami_dev/rust_with_lld/dist/lib/rustlib/manifest-rustc"
$ umask 022 && mkdir -p "/home/oligami_dev/rust_with_lld/dist/share/doc/rustc"
install: copying file /home/oligami_dev/rust_with_lld/dist/share/doc/rustc/README.md
$ cp /home/oligami_dev/rust_with_lld/build/tmp/tarball/rustc/wasm32-wasip1-threads/rustc-1.84.0-dev-wasm32-wasip1-threads/rustc/share/doc/rust/README.md /home/oligami_dev/rust_with_lld/dist/share/doc/rustc/README.md
$ chmod 644 /home/oligami_dev/rust_with_lld/dist/share/doc/rustc/README.md
$ echo "file:/home/oligami_dev/rust_with_lld/dist/share/doc/rustc/README.md" >> "/home/oligami_dev/rust_with_lld/dist/lib/rustlib/manifest-rustc"
$ umask 022 && mkdir -p "/home/oligami_dev/rust_with_lld/dist/share/man/man1"
install: copying file /home/oligami_dev/rust_with_lld/dist/share/man/man1/rustc.1
$ cp /home/oligami_dev/rust_with_lld/build/tmp/tarball/rustc/wasm32-wasip1-threads/rustc-1.84.0-dev-wasm32-wasip1-threads/rustc/share/man/man1/rustc.1 /home/oligami_dev/rust_with_lld/dist/share/man/man1/rustc.1
$ chmod 644 /home/oligami_dev/rust_with_lld/dist/share/man/man1/rustc.1
$ echo "file:/home/oligami_dev/rust_with_lld/dist/share/man/man1/rustc.1" >> "/home/oligami_dev/rust_with_lld/dist/lib/rustlib/manifest-rustc"
$ umask 022 && mkdir -p "/home/oligami_dev/rust_with_lld/dist/share/man/man1"
install: copying file /home/oligami_dev/rust_with_lld/dist/share/man/man1/rustdoc.1
$ cp /home/oligami_dev/rust_with_lld/build/tmp/tarball/rustc/wasm32-wasip1-threads/rustc-1.84.0-dev-wasm32-wasip1-threads/rustc/share/man/man1/rustdoc.1 /home/oligami_dev/rust_with_lld/dist/share/man/man1/rustdoc.1
$ chmod 644 /home/oligami_dev/rust_with_lld/dist/share/man/man1/rustdoc.1
$ echo "file:/home/oligami_dev/rust_with_lld/dist/share/man/man1/rustdoc.1" >> "/home/oligami_dev/rust_with_lld/dist/lib/rustlib/manifest-rustc"
