$ umask 022 && mkdir -p "/home/runner/work/rust_wasm/rust_wasm/rust/dist/lib/rustlib"
$ echo "3" > "/home/runner/work/rust_wasm/rust_wasm/rust/dist/lib/rustlib/rust-installer-version"
install: creating uninstall script at /home/runner/work/rust_wasm/rust_wasm/rust/dist/lib/rustlib/uninstall.sh
$ cp /home/runner/work/rust_wasm/rust_wasm/rust/build/tmp/tarball/rustc/wasm32-wasip1-threads/rustc-1.83.0-dev-wasm32-wasip1-threads/install.sh /home/runner/work/rust_wasm/rust_wasm/rust/dist/lib/rustlib/uninstall.sh
install: installing component 'rustc'
$ echo "rustc" >> "/home/runner/work/rust_wasm/rust_wasm/rust/dist/lib/rustlib/components"
$ umask 022 && mkdir -p "/home/runner/work/rust_wasm/rust_wasm/rust/dist/bin"
install: copying file /home/runner/work/rust_wasm/rust_wasm/rust/dist/bin/rust-gdb
$ cp /home/runner/work/rust_wasm/rust_wasm/rust/build/tmp/tarball/rustc/wasm32-wasip1-threads/rustc-1.83.0-dev-wasm32-wasip1-threads/rustc/bin/rust-gdb /home/runner/work/rust_wasm/rust_wasm/rust/dist/bin/rust-gdb
$ chmod 755 /home/runner/work/rust_wasm/rust_wasm/rust/dist/bin/rust-gdb
$ echo "file:/home/runner/work/rust_wasm/rust_wasm/rust/dist/bin/rust-gdb" >> "/home/runner/work/rust_wasm/rust_wasm/rust/dist/lib/rustlib/manifest-rustc"
$ umask 022 && mkdir -p "/home/runner/work/rust_wasm/rust_wasm/rust/dist/bin"
install: copying file /home/runner/work/rust_wasm/rust_wasm/rust/dist/bin/rust-gdbgui
$ cp /home/runner/work/rust_wasm/rust_wasm/rust/build/tmp/tarball/rustc/wasm32-wasip1-threads/rustc-1.83.0-dev-wasm32-wasip1-threads/rustc/bin/rust-gdbgui /home/runner/work/rust_wasm/rust_wasm/rust/dist/bin/rust-gdbgui
$ chmod 755 /home/runner/work/rust_wasm/rust_wasm/rust/dist/bin/rust-gdbgui
$ echo "file:/home/runner/work/rust_wasm/rust_wasm/rust/dist/bin/rust-gdbgui" >> "/home/runner/work/rust_wasm/rust_wasm/rust/dist/lib/rustlib/manifest-rustc"
$ umask 022 && mkdir -p "/home/runner/work/rust_wasm/rust_wasm/rust/dist/bin"
install: copying file /home/runner/work/rust_wasm/rust_wasm/rust/dist/bin/rust-lldb
$ cp /home/runner/work/rust_wasm/rust_wasm/rust/build/tmp/tarball/rustc/wasm32-wasip1-threads/rustc-1.83.0-dev-wasm32-wasip1-threads/rustc/bin/rust-lldb /home/runner/work/rust_wasm/rust_wasm/rust/dist/bin/rust-lldb
$ chmod 755 /home/runner/work/rust_wasm/rust_wasm/rust/dist/bin/rust-lldb
$ echo "file:/home/runner/work/rust_wasm/rust_wasm/rust/dist/bin/rust-lldb" >> "/home/runner/work/rust_wasm/rust_wasm/rust/dist/lib/rustlib/manifest-rustc"
$ umask 022 && mkdir -p "/home/runner/work/rust_wasm/rust_wasm/rust/dist/bin"
install: copying file /home/runner/work/rust_wasm/rust_wasm/rust/dist/bin/rustc.wasm
$ cp /home/runner/work/rust_wasm/rust_wasm/rust/build/tmp/tarball/rustc/wasm32-wasip1-threads/rustc-1.83.0-dev-wasm32-wasip1-threads/rustc/bin/rustc.wasm /home/runner/work/rust_wasm/rust_wasm/rust/dist/bin/rustc.wasm
$ chmod 755 /home/runner/work/rust_wasm/rust_wasm/rust/dist/bin/rustc.wasm
$ echo "file:/home/runner/work/rust_wasm/rust_wasm/rust/dist/bin/rustc.wasm" >> "/home/runner/work/rust_wasm/rust_wasm/rust/dist/lib/rustlib/manifest-rustc"
$ umask 022 && mkdir -p "/home/runner/work/rust_wasm/rust_wasm/rust/dist/lib/rustlib/etc"
install: copying file /home/runner/work/rust_wasm/rust_wasm/rust/dist/lib/rustlib/etc/gdb_load_rust_pretty_printers.py
$ cp /home/runner/work/rust_wasm/rust_wasm/rust/build/tmp/tarball/rustc/wasm32-wasip1-threads/rustc-1.83.0-dev-wasm32-wasip1-threads/rustc/lib/rustlib/etc/gdb_load_rust_pretty_printers.py /home/runner/work/rust_wasm/rust_wasm/rust/dist/lib/rustlib/etc/gdb_load_rust_pretty_printers.py
$ chmod 644 /home/runner/work/rust_wasm/rust_wasm/rust/dist/lib/rustlib/etc/gdb_load_rust_pretty_printers.py
$ echo "file:/home/runner/work/rust_wasm/rust_wasm/rust/dist/lib/rustlib/etc/gdb_load_rust_pretty_printers.py" >> "/home/runner/work/rust_wasm/rust_wasm/rust/dist/lib/rustlib/manifest-rustc"
$ umask 022 && mkdir -p "/home/runner/work/rust_wasm/rust_wasm/rust/dist/lib/rustlib/etc"
install: copying file /home/runner/work/rust_wasm/rust_wasm/rust/dist/lib/rustlib/etc/gdb_lookup.py
$ cp /home/runner/work/rust_wasm/rust_wasm/rust/build/tmp/tarball/rustc/wasm32-wasip1-threads/rustc-1.83.0-dev-wasm32-wasip1-threads/rustc/lib/rustlib/etc/gdb_lookup.py /home/runner/work/rust_wasm/rust_wasm/rust/dist/lib/rustlib/etc/gdb_lookup.py
$ chmod 644 /home/runner/work/rust_wasm/rust_wasm/rust/dist/lib/rustlib/etc/gdb_lookup.py
$ echo "file:/home/runner/work/rust_wasm/rust_wasm/rust/dist/lib/rustlib/etc/gdb_lookup.py" >> "/home/runner/work/rust_wasm/rust_wasm/rust/dist/lib/rustlib/manifest-rustc"
$ umask 022 && mkdir -p "/home/runner/work/rust_wasm/rust_wasm/rust/dist/lib/rustlib/etc"
install: copying file /home/runner/work/rust_wasm/rust_wasm/rust/dist/lib/rustlib/etc/gdb_providers.py
$ cp /home/runner/work/rust_wasm/rust_wasm/rust/build/tmp/tarball/rustc/wasm32-wasip1-threads/rustc-1.83.0-dev-wasm32-wasip1-threads/rustc/lib/rustlib/etc/gdb_providers.py /home/runner/work/rust_wasm/rust_wasm/rust/dist/lib/rustlib/etc/gdb_providers.py
$ chmod 644 /home/runner/work/rust_wasm/rust_wasm/rust/dist/lib/rustlib/etc/gdb_providers.py
$ echo "file:/home/runner/work/rust_wasm/rust_wasm/rust/dist/lib/rustlib/etc/gdb_providers.py" >> "/home/runner/work/rust_wasm/rust_wasm/rust/dist/lib/rustlib/manifest-rustc"
$ umask 022 && mkdir -p "/home/runner/work/rust_wasm/rust_wasm/rust/dist/lib/rustlib/etc"
install: copying file /home/runner/work/rust_wasm/rust_wasm/rust/dist/lib/rustlib/etc/lldb_commands
$ cp /home/runner/work/rust_wasm/rust_wasm/rust/build/tmp/tarball/rustc/wasm32-wasip1-threads/rustc-1.83.0-dev-wasm32-wasip1-threads/rustc/lib/rustlib/etc/lldb_commands /home/runner/work/rust_wasm/rust_wasm/rust/dist/lib/rustlib/etc/lldb_commands
$ chmod 644 /home/runner/work/rust_wasm/rust_wasm/rust/dist/lib/rustlib/etc/lldb_commands
$ echo "file:/home/runner/work/rust_wasm/rust_wasm/rust/dist/lib/rustlib/etc/lldb_commands" >> "/home/runner/work/rust_wasm/rust_wasm/rust/dist/lib/rustlib/manifest-rustc"
$ umask 022 && mkdir -p "/home/runner/work/rust_wasm/rust_wasm/rust/dist/lib/rustlib/etc"
install: copying file /home/runner/work/rust_wasm/rust_wasm/rust/dist/lib/rustlib/etc/lldb_lookup.py
$ cp /home/runner/work/rust_wasm/rust_wasm/rust/build/tmp/tarball/rustc/wasm32-wasip1-threads/rustc-1.83.0-dev-wasm32-wasip1-threads/rustc/lib/rustlib/etc/lldb_lookup.py /home/runner/work/rust_wasm/rust_wasm/rust/dist/lib/rustlib/etc/lldb_lookup.py
$ chmod 644 /home/runner/work/rust_wasm/rust_wasm/rust/dist/lib/rustlib/etc/lldb_lookup.py
$ echo "file:/home/runner/work/rust_wasm/rust_wasm/rust/dist/lib/rustlib/etc/lldb_lookup.py" >> "/home/runner/work/rust_wasm/rust_wasm/rust/dist/lib/rustlib/manifest-rustc"
$ umask 022 && mkdir -p "/home/runner/work/rust_wasm/rust_wasm/rust/dist/lib/rustlib/etc"
install: copying file /home/runner/work/rust_wasm/rust_wasm/rust/dist/lib/rustlib/etc/lldb_providers.py
$ cp /home/runner/work/rust_wasm/rust_wasm/rust/build/tmp/tarball/rustc/wasm32-wasip1-threads/rustc-1.83.0-dev-wasm32-wasip1-threads/rustc/lib/rustlib/etc/lldb_providers.py /home/runner/work/rust_wasm/rust_wasm/rust/dist/lib/rustlib/etc/lldb_providers.py
$ chmod 644 /home/runner/work/rust_wasm/rust_wasm/rust/dist/lib/rustlib/etc/lldb_providers.py
$ echo "file:/home/runner/work/rust_wasm/rust_wasm/rust/dist/lib/rustlib/etc/lldb_providers.py" >> "/home/runner/work/rust_wasm/rust_wasm/rust/dist/lib/rustlib/manifest-rustc"
$ umask 022 && mkdir -p "/home/runner/work/rust_wasm/rust_wasm/rust/dist/lib/rustlib/etc"
install: copying file /home/runner/work/rust_wasm/rust_wasm/rust/dist/lib/rustlib/etc/rust_types.py
$ cp /home/runner/work/rust_wasm/rust_wasm/rust/build/tmp/tarball/rustc/wasm32-wasip1-threads/rustc-1.83.0-dev-wasm32-wasip1-threads/rustc/lib/rustlib/etc/rust_types.py /home/runner/work/rust_wasm/rust_wasm/rust/dist/lib/rustlib/etc/rust_types.py
$ chmod 644 /home/runner/work/rust_wasm/rust_wasm/rust/dist/lib/rustlib/etc/rust_types.py
$ echo "file:/home/runner/work/rust_wasm/rust_wasm/rust/dist/lib/rustlib/etc/rust_types.py" >> "/home/runner/work/rust_wasm/rust_wasm/rust/dist/lib/rustlib/manifest-rustc"
$ umask 022 && mkdir -p "/home/runner/work/rust_wasm/rust_wasm/rust/dist/share/doc/rustc"
install: copying file /home/runner/work/rust_wasm/rust_wasm/rust/dist/share/doc/rustc/COPYRIGHT
$ cp /home/runner/work/rust_wasm/rust_wasm/rust/build/tmp/tarball/rustc/wasm32-wasip1-threads/rustc-1.83.0-dev-wasm32-wasip1-threads/rustc/share/doc/rust/COPYRIGHT /home/runner/work/rust_wasm/rust_wasm/rust/dist/share/doc/rustc/COPYRIGHT
$ chmod 644 /home/runner/work/rust_wasm/rust_wasm/rust/dist/share/doc/rustc/COPYRIGHT
$ echo "file:/home/runner/work/rust_wasm/rust_wasm/rust/dist/share/doc/rustc/COPYRIGHT" >> "/home/runner/work/rust_wasm/rust_wasm/rust/dist/lib/rustlib/manifest-rustc"
$ umask 022 && mkdir -p "/home/runner/work/rust_wasm/rust_wasm/rust/dist/share/doc/rustc"
install: copying file /home/runner/work/rust_wasm/rust_wasm/rust/dist/share/doc/rustc/LICENSE-APACHE
$ cp /home/runner/work/rust_wasm/rust_wasm/rust/build/tmp/tarball/rustc/wasm32-wasip1-threads/rustc-1.83.0-dev-wasm32-wasip1-threads/rustc/share/doc/rust/LICENSE-APACHE /home/runner/work/rust_wasm/rust_wasm/rust/dist/share/doc/rustc/LICENSE-APACHE
$ chmod 644 /home/runner/work/rust_wasm/rust_wasm/rust/dist/share/doc/rustc/LICENSE-APACHE
$ echo "file:/home/runner/work/rust_wasm/rust_wasm/rust/dist/share/doc/rustc/LICENSE-APACHE" >> "/home/runner/work/rust_wasm/rust_wasm/rust/dist/lib/rustlib/manifest-rustc"
$ umask 022 && mkdir -p "/home/runner/work/rust_wasm/rust_wasm/rust/dist/share/doc/rustc"
install: copying file /home/runner/work/rust_wasm/rust_wasm/rust/dist/share/doc/rustc/LICENSE-MIT
$ cp /home/runner/work/rust_wasm/rust_wasm/rust/build/tmp/tarball/rustc/wasm32-wasip1-threads/rustc-1.83.0-dev-wasm32-wasip1-threads/rustc/share/doc/rust/LICENSE-MIT /home/runner/work/rust_wasm/rust_wasm/rust/dist/share/doc/rustc/LICENSE-MIT
$ chmod 644 /home/runner/work/rust_wasm/rust_wasm/rust/dist/share/doc/rustc/LICENSE-MIT
$ echo "file:/home/runner/work/rust_wasm/rust_wasm/rust/dist/share/doc/rustc/LICENSE-MIT" >> "/home/runner/work/rust_wasm/rust_wasm/rust/dist/lib/rustlib/manifest-rustc"
$ umask 022 && mkdir -p "/home/runner/work/rust_wasm/rust_wasm/rust/dist/share/doc/rustc"
install: copying file /home/runner/work/rust_wasm/rust_wasm/rust/dist/share/doc/rustc/README.md
$ cp /home/runner/work/rust_wasm/rust_wasm/rust/build/tmp/tarball/rustc/wasm32-wasip1-threads/rustc-1.83.0-dev-wasm32-wasip1-threads/rustc/share/doc/rust/README.md /home/runner/work/rust_wasm/rust_wasm/rust/dist/share/doc/rustc/README.md
$ chmod 644 /home/runner/work/rust_wasm/rust_wasm/rust/dist/share/doc/rustc/README.md
$ echo "file:/home/runner/work/rust_wasm/rust_wasm/rust/dist/share/doc/rustc/README.md" >> "/home/runner/work/rust_wasm/rust_wasm/rust/dist/lib/rustlib/manifest-rustc"
$ umask 022 && mkdir -p "/home/runner/work/rust_wasm/rust_wasm/rust/dist/share/man/man1"
install: copying file /home/runner/work/rust_wasm/rust_wasm/rust/dist/share/man/man1/rustc.1
$ cp /home/runner/work/rust_wasm/rust_wasm/rust/build/tmp/tarball/rustc/wasm32-wasip1-threads/rustc-1.83.0-dev-wasm32-wasip1-threads/rustc/share/man/man1/rustc.1 /home/runner/work/rust_wasm/rust_wasm/rust/dist/share/man/man1/rustc.1
$ chmod 644 /home/runner/work/rust_wasm/rust_wasm/rust/dist/share/man/man1/rustc.1
$ echo "file:/home/runner/work/rust_wasm/rust_wasm/rust/dist/share/man/man1/rustc.1" >> "/home/runner/work/rust_wasm/rust_wasm/rust/dist/lib/rustlib/manifest-rustc"
$ umask 022 && mkdir -p "/home/runner/work/rust_wasm/rust_wasm/rust/dist/share/man/man1"
install: copying file /home/runner/work/rust_wasm/rust_wasm/rust/dist/share/man/man1/rustdoc.1
$ cp /home/runner/work/rust_wasm/rust_wasm/rust/build/tmp/tarball/rustc/wasm32-wasip1-threads/rustc-1.83.0-dev-wasm32-wasip1-threads/rustc/share/man/man1/rustdoc.1 /home/runner/work/rust_wasm/rust_wasm/rust/dist/share/man/man1/rustdoc.1
$ chmod 644 /home/runner/work/rust_wasm/rust_wasm/rust/dist/share/man/man1/rustdoc.1
$ echo "file:/home/runner/work/rust_wasm/rust_wasm/rust/dist/share/man/man1/rustdoc.1" >> "/home/runner/work/rust_wasm/rust_wasm/rust/dist/lib/rustlib/manifest-rustc"
